Arguments: 
  /usr/local/bin/node /Users/madhukeshwara/.npm-global/bin/yarn add react-router-dom

PATH: 
  /Users/madhukeshwara/.npm-global/bin:/Users/madhukeshwara/.npm-global/bin:/Users/madhukeshwara/bin:/usr/local/bin:/opt/homebrew/bin:/opt/homebrew/sbin:/usr/local/bin:/usr/bin:/bin:/usr/sbin:/sbin:/Users/madhukeshwara/.npm-global/bin:/Users/madhukeshwara/bin:/opt/homebrew/bin:/opt/homebrew/sbin

Yarn version: 
  1.22.18

Node version: 
  16.15.1

Platform: 
  darwin arm64

Trace: 
  Error: ENOENT: no such file or directory, lstat '/Users/madhukeshwara/Library/Caches/Yarn/v6/npm-react-router-dom-6.3.0-a0216da813454e521905b5fa55e0e5176123f43d-integrity/node_modules/react-router-dom'

npm manifest: 
  {
    "name": "webpack-template",
    "version": "1.0.0",
    "description": "webpack configuration template for reatc app ",
    "main": "bootstrap.ts",
    "repository": "https://github.com/MadhuAloor/react-webpack-template.git",
    "author": "maddyaloor",
    "license": "MIT",
    "scripts": {
      "start": "NODE_ENV=development webpack serve --config webpack.dev.config.ts",
      "build": "NODE_ENV=production webpack --config webpack.prod.config.ts"
    },
    "dependencies": {
      "@loadable/component": "^5.15.2",
      "html-webpack-plugin": "^5.5.0",
      "react": "^17.0.1",
      "react-dom": "^17.0.1"
    },
    "devDependencies": {
      "@types/fork-ts-checker-webpack-plugin": "^0.4.5",
      "@types/loadable__component": "^5.13.4",
      "@types/react": "^17.0.40",
      "@types/react-dom": "^17.0.13",
      "@types/webpack-dev-server": "^4.7.2",
      "@typescript-eslint/eslint-plugin": "^5.14.0",
      "@typescript-eslint/parser": "^5.14.0",
      "clean-webpack-plugin": "^4.0.0",
      "css-loader": "^6.7.1",
      "eslint": "^8.11.0",
      "eslint-config-prettier": "^8.5.0",
      "eslint-plugin-jest": "^26.5.3",
      "eslint-plugin-prettier": "^4.0.0",
      "eslint-plugin-react": "^7.29.3",
      "eslint-plugin-react-hooks": "^4.3.0",
      "eslint-webpack-plugin": "^2.4.1",
      "fork-ts-checker-webpack-plugin": "^7.2.11",
      "jest": "^28.1.1",
      "prettier": "^2.6.2",
      "ts-loader": "^9.3.0",
      "ts-node": "^10.8.1",
      "typescript": "^4.6.2",
      "webpack": "^5.70.0",
      "webpack-cli": "^4.9.2",
      "webpack-dev-server": "^4.7.4",
      "webpack-merge": "^5.8.0"
    },
    "private": true
  }

yarn manifest: 
  No manifest

Lockfile: 
  No lockfile
